# JRE version: Java(TM) SE Runtime Environment (8.0_201-b09) (build 1.8.0_201-b09)
# Java VM: Java HotSpot(TM) 64-Bit Server VM (25.201-b09 mixed mode linux-amd64 compressed oops)
Heap:
 garbage-first heap   total 436224K, used 91560K [0x00000000c0000000, 0x00000000c0100d50, 0x0000000100000000)
  region size 1024K, 20 young (20480K), 20 survivors (20480K)
 Metaspace       used 48745K, capacity 51706K, committed 51840K, reserved 1095680K
  class space    used 5133K, capacity 6011K, committed 6016K, reserved 1048576K
GC Heap History (10 events):
Event: 20.656 GC heap after
Heap after GC invocations=20 (full 0):
 garbage-first heap   total 65536K, used 38276K [0x00000000c0000000, 0x00000000c0100200, 0x0000000100000000)
  region size 1024K, 3 young (3072K), 3 survivors (3072K)
 Metaspace       used 43936K, capacity 46490K, committed 46720K, reserved 1091584K
  class space    used 4700K, capacity 5493K, committed 5504K, reserved 1048576K
}
Event: 20.714 GC heap before
{Heap before GC invocations=20 (full 0):
 garbage-first heap   total 65536K, used 39300K [0x00000000c0000000, 0x00000000c0100200, 0x0000000100000000)
  region size 1024K, 4 young (4096K), 3 survivors (3072K)
 Metaspace       used 43952K, capacity 46490K, committed 46720K, reserved 1091584K
  class space    used 4701K, capacity 5493K, committed 5504K, reserved 1048576K
Event: 20.879 GC heap after
Heap after GC invocations=21 (full 0):
 garbage-first heap   total 65536K, used 36649K [0x00000000c0000000, 0x00000000c0100200, 0x0000000100000000)
  region size 1024K, 1 young (1024K), 1 survivors (1024K)
 Metaspace       used 43952K, capacity 46490K, committed 46720K, reserved 1091584K
  class space    used 4701K, capacity 5493K, committed 5504K, reserved 1048576K
}
Event: 20.917 GC heap before
{Heap before GC invocations=21 (full 0):
 garbage-first heap   total 65536K, used 38697K [0x00000000c0000000, 0x00000000c0100200, 0x0000000100000000)
  region size 1024K, 3 young (3072K), 1 survivors (1024K)
 Metaspace       used 43963K, capacity 46490K, committed 46720K, reserved 1091584K
  class space    used 4702K, capacity 5493K, committed 5504K, reserved 1048576K
Event: 20.958 GC heap after
Heap after GC invocations=22 (full 0):
 garbage-first heap   total 65536K, used 36014K [0x00000000c0000000, 0x00000000c0100200, 0x0000000100000000)
  region size 1024K, 1 young (1024K), 1 survivors (1024K)
 Metaspace       used 43963K, capacity 46490K, committed 46720K, reserved 1091584K
  class space    used 4702K, capacity 5493K, committed 5504K, reserved 1048576K
}
Event: 21.684 GC heap before
{Heap before GC invocations=22 (full 0):
 garbage-first heap   total 65536K, used 52398K [0x00000000c0000000, 0x00000000c0100200, 0x0000000100000000)
  region size 1024K, 18 young (18432K), 1 survivors (1024K)
 Metaspace       used 45045K, capacity 47800K, committed 47872K, reserved 1091584K
  class space    used 4802K, capacity 5593K, committed 5632K, reserved 1048576K
Event: 21.742 GC heap after
Heap after GC invocations=23 (full 0):
 garbage-first heap   total 131072K, used 39059K [0x00000000c0000000, 0x00000000c0100400, 0x0000000100000000)
  region size 1024K, 3 young (3072K), 3 survivors (3072K)
 Metaspace       used 45045K, capacity 47800K, committed 47872K, reserved 1091584K
  class space    used 4802K, capacity 5593K, committed 5632K, reserved 1048576K
}
Event: 22.703 GC heap before
{Heap before GC invocations=24 (full 0):
 garbage-first heap   total 131072K, used 125918K [0x00000000c0000000, 0x00000000c0100400, 0x0000000100000000)
  region size 1024K, 27 young (27648K), 3 survivors (3072K)
 Metaspace       used 45640K, capacity 48464K, committed 48768K, reserved 1091584K
  class space    used 4836K, capacity 5663K, committed 5760K, reserved 1048576K
Event: 22.876 GC heap after
Heap after GC invocations=25 (full 0):
 garbage-first heap   total 282624K, used 65682K [0x00000000c0000000, 0x00000000c01008a0, 0x0000000100000000)
  region size 1024K, 9 young (9216K), 9 survivors (9216K)
 Metaspace       used 45640K, capacity 48464K, committed 48768K, reserved 1091584K
  class space    used 4836K, capacity 5663K, committed 5760K, reserved 1048576K
}
Event: 47.590 GC heap before
{Heap before GC invocations=25 (full 0):
 garbage-first heap   total 282624K, used 216210K [0x00000000c0000000, 0x00000000c01008a0, 0x0000000100000000)
  region size 1024K, 156 young (159744K), 9 survivors (9216K)
 Metaspace       used 48745K, capacity 51706K, committed 51840K, reserved 1095680K
  class space    used 5133K, capacity 6011K, committed 6016K, reserved 1048576K

