# JRE version: Java(TM) SE Runtime Environment (8.0_201-b09) (build 1.8.0_201-b09)
# Java VM: Java HotSpot(TM) 64-Bit Server VM (25.201-b09 mixed mode linux-amd64 compressed oops)
Heap:
 PSYoungGen      total 136192K, used 9215K [0x00000000eb900000, 0x00000000f4700000, 0x0000000100000000)
  eden space 126976K, 0% used [0x00000000eb900000,0x00000000eb900000,0x00000000f3500000)
  from space 9216K, 99% used [0x00000000f3500000,0x00000000f3dffde8,0x00000000f3e00000)
  to   space 9216K, 0% used [0x00000000f3e00000,0x00000000f3e00000,0x00000000f4700000)
 ParOldGen       total 42496K, used 16642K [0x00000000c2a00000, 0x00000000c5380000, 0x00000000eb900000)
  object space 42496K, 39% used [0x00000000c2a00000,0x00000000c3a40b60,0x00000000c5380000)
 Metaspace       used 20649K, capacity 21224K, committed 21296K, reserved 1069056K
  class space    used 2417K, capacity 2566K, committed 2608K, reserved 1048576K
GC Heap History (10 events):
Event: 1.103 GC heap after
Heap after GC invocations=2 (full 0):
 PSYoungGen      total 34304K, used 2533K [0x00000000eb900000, 0x00000000edd00000, 0x0000000100000000)
  eden space 31744K, 0% used [0x00000000eb900000,0x00000000eb900000,0x00000000ed800000)
  from space 2560K, 98% used [0x00000000eda80000,0x00000000edcf9490,0x00000000edd00000)
  to   space 2560K, 0% used [0x00000000ed800000,0x00000000ed800000,0x00000000eda80000)
 ParOldGen       total 42496K, used 1123K [0x00000000c2a00000, 0x00000000c5380000, 0x00000000eb900000)
  object space 42496K, 2% used [0x00000000c2a00000,0x00000000c2b18c58,0x00000000c5380000)
 Metaspace       used 7996K, capacity 8156K, committed 8320K, reserved 1056768K
  class space    used 996K, capacity 1080K, committed 1152K, reserved 1048576K
}
Event: 1.819 GC heap before
{Heap before GC invocations=3 (full 0):
 PSYoungGen      total 34304K, used 34277K [0x00000000eb900000, 0x00000000edd00000, 0x0000000100000000)
  eden space 31744K, 100% used [0x00000000eb900000,0x00000000ed800000,0x00000000ed800000)
  from space 2560K, 98% used [0x00000000eda80000,0x00000000edcf9490,0x00000000edd00000)
  to   space 2560K, 0% used [0x00000000ed800000,0x00000000ed800000,0x00000000eda80000)
 ParOldGen       total 42496K, used 1123K [0x00000000c2a00000, 0x00000000c5380000, 0x00000000eb900000)
  object space 42496K, 2% used [0x00000000c2a00000,0x00000000c2b18c58,0x00000000c5380000)
 Metaspace       used 11844K, capacity 12008K, committed 12160K, reserved 1060864K
  class space    used 1491K, capacity 1572K, committed 1664K, reserved 1048576K
Event: 1.838 GC heap after
Heap after GC invocations=3 (full 0):
 PSYoungGen      total 34304K, used 2528K [0x00000000eb900000, 0x00000000efc00000, 0x0000000100000000)
  eden space 31744K, 0% used [0x00000000eb900000,0x00000000eb900000,0x00000000ed800000)
  from space 2560K, 98% used [0x00000000ed800000,0x00000000eda78020,0x00000000eda80000)
  to   space 2560K, 0% used [0x00000000ef980000,0x00000000ef980000,0x00000000efc00000)
 ParOldGen       total 42496K, used 5527K [0x00000000c2a00000, 0x00000000c5380000, 0x00000000eb900000)
  object space 42496K, 13% used [0x00000000c2a00000,0x00000000c2f65fa8,0x00000000c5380000)
 Metaspace       used 11844K, capacity 12008K, committed 12160K, reserved 1060864K
  class space    used 1491K, capacity 1572K, committed 1664K, reserved 1048576K
}
Event: 2.928 GC heap before
{Heap before GC invocations=4 (full 0):
 PSYoungGen      total 34304K, used 34272K [0x00000000eb900000, 0x00000000efc00000, 0x0000000100000000)
  eden space 31744K, 100% used [0x00000000eb900000,0x00000000ed800000,0x00000000ed800000)
  from space 2560K, 98% used [0x00000000ed800000,0x00000000eda78020,0x00000000eda80000)
  to   space 2560K, 0% used [0x00000000ef980000,0x00000000ef980000,0x00000000efc00000)
 ParOldGen       total 42496K, used 5527K [0x00000000c2a00000, 0x00000000c5380000, 0x00000000eb900000)
  object space 42496K, 13% used [0x00000000c2a00000,0x00000000c2f65fa8,0x00000000c5380000)
 Metaspace       used 14272K, capacity 14478K, committed 14720K, reserved 1062912K
  class space    used 1769K, capacity 1872K, committed 1920K, reserved 1048576K
Event: 2.944 GC heap after
Heap after GC invocations=4 (full 0):
 PSYoungGen      total 66048K, used 2544K [0x00000000eb900000, 0x00000000efc00000, 0x0000000100000000)
  eden space 63488K, 0% used [0x00000000eb900000,0x00000000eb900000,0x00000000ef700000)
  from space 2560K, 99% used [0x00000000ef980000,0x00000000efbfc010,0x00000000efc00000)
  to   space 2560K, 0% used [0x00000000ef700000,0x00000000ef700000,0x00000000ef980000)
 ParOldGen       total 42496K, used 7621K [0x00000000c2a00000, 0x00000000c5380000, 0x00000000eb900000)
  object space 42496K, 17% used [0x00000000c2a00000,0x00000000c31716b8,0x00000000c5380000)
 Metaspace       used 14272K, capacity 14478K, committed 14720K, reserved 1062912K
  class space    used 1769K, capacity 1872K, committed 1920K, reserved 1048576K
}
Event: 4.894 GC heap before
{Heap before GC invocations=5 (full 0):
 PSYoungGen      total 66048K, used 66032K [0x00000000eb900000, 0x00000000efc00000, 0x0000000100000000)
  eden space 63488K, 100% used [0x00000000eb900000,0x00000000ef700000,0x00000000ef700000)
  from space 2560K, 99% used [0x00000000ef980000,0x00000000efbfc010,0x00000000efc00000)
  to   space 2560K, 0% used [0x00000000ef700000,0x00000000ef700000,0x00000000ef980000)
 ParOldGen       total 42496K, used 7621K [0x00000000c2a00000, 0x00000000c5380000, 0x00000000eb900000)
  object space 42496K, 17% used [0x00000000c2a00000,0x00000000c31716b8,0x00000000c5380000)
 Metaspace       used 16703K, capacity 16988K, committed 17280K, reserved 1064960K
  class space    used 1985K, capacity 2081K, committed 2176K, reserved 1048576K
Event: 4.948 GC heap after
Heap after GC invocations=5 (full 0):
 PSYoungGen      total 66048K, used 2544K [0x00000000eb900000, 0x00000000f4700000, 0x0000000100000000)
  eden space 63488K, 0% used [0x00000000eb900000,0x00000000eb900000,0x00000000ef700000)
  from space 2560K, 99% used [0x00000000ef700000,0x00000000ef97c010,0x00000000ef980000)
  to   space 9216K, 0% used [0x00000000f3e00000,0x00000000f3e00000,0x00000000f4700000)
 ParOldGen       total 42496K, used 13144K [0x00000000c2a00000, 0x00000000c5380000, 0x00000000eb900000)
  object space 42496K, 30% used [0x00000000c2a00000,0x00000000c36d6058,0x00000000c5380000)
 Metaspace       used 16703K, capacity 16988K, committed 17280K, reserved 1064960K
  class space    used 1985K, capacity 2081K, committed 2176K, reserved 1048576K
}
Event: 6.037 GC heap before
{Heap before GC invocations=6 (full 0):
 PSYoungGen      total 66048K, used 66032K [0x00000000eb900000, 0x00000000f4700000, 0x0000000100000000)
  eden space 63488K, 100% used [0x00000000eb900000,0x00000000ef700000,0x00000000ef700000)
  from space 2560K, 99% used [0x00000000ef700000,0x00000000ef97c010,0x00000000ef980000)
  to   space 9216K, 0% used [0x00000000f3e00000,0x00000000f3e00000,0x00000000f4700000)
 ParOldGen       total 42496K, used 13144K [0x00000000c2a00000, 0x00000000c5380000, 0x00000000eb900000)
  object space 42496K, 30% used [0x00000000c2a00000,0x00000000c36d6058,0x00000000c5380000)
 Metaspace       used 17083K, capacity 17402K, committed 17792K, reserved 1064960K
  class space    used 1988K, capacity 2086K, committed 2176K, reserved 1048576K
Event: 6.066 GC heap after
Heap after GC invocations=6 (full 0):
 PSYoungGen      total 136192K, used 6224K [0x00000000eb900000, 0x00000000f4700000, 0x0000000100000000)
  eden space 126976K, 0% used [0x00000000eb900000,0x00000000eb900000,0x00000000f3500000)
  from space 9216K, 67% used [0x00000000f3e00000,0x00000000f4414030,0x00000000f4700000)
  to   space 9216K, 0% used [0x00000000f3500000,0x00000000f3500000,0x00000000f3e00000)
 ParOldGen       total 42496K, used 13152K [0x00000000c2a00000, 0x00000000c5380000, 0x00000000eb900000)
  object space 42496K, 30% used [0x00000000c2a00000,0x00000000c36d8058,0x00000000c5380000)
 Metaspace       used 17083K, capacity 17402K, committed 17792K, reserved 1064960K
  class space    used 1988K, capacity 2086K, committed 2176K, reserved 1048576K
}
Event: 8.656 GC heap before
{Heap before GC invocations=7 (full 0):
 PSYoungGen      total 136192K, used 121228K [0x00000000eb900000, 0x00000000f4700000, 0x0000000100000000)
  eden space 126976K, 90% used [0x00000000eb900000,0x00000000f294f138,0x00000000f3500000)
  from space 9216K, 67% used [0x00000000f3e00000,0x00000000f4414030,0x00000000f4700000)
  to   space 9216K, 0% used [0x00000000f3500000,0x00000000f3500000,0x00000000f3e00000)
 ParOldGen       total 42496K, used 13152K [0x00000000c2a00000, 0x00000000c5380000, 0x00000000eb900000)
  object space 42496K, 30% used [0x00000000c2a00000,0x00000000c36d8058,0x00000000c5380000)
 Metaspace       used 20649K, capacity 21224K, committed 21296K, reserved 1069056K
  class space    used 2417K, capacity 2566K, committed 2608K, reserved 1048576K

