# JRE version: Java(TM) SE Runtime Environment (8.0_201-b09) (build 1.8.0_201-b09)
# Java VM: Java HotSpot(TM) 64-Bit Server VM (25.201-b09 mixed mode linux-amd64 compressed oops)
Heap:
 PSYoungGen      total 134656K, used 10237K [0x00000000eb900000, 0x00000000f4800000, 0x0000000100000000)
  eden space 124416K, 0% used [0x00000000eb900000,0x00000000eb900000,0x00000000f3280000)
  from space 10240K, 99% used [0x00000000f3280000,0x00000000f3c7f600,0x00000000f3c80000)
  to   space 8704K, 0% used [0x00000000f3c80000,0x00000000f3c80000,0x00000000f4500000)
 ParOldGen       total 42496K, used 13752K [0x00000000c2a00000, 0x00000000c5380000, 0x00000000eb900000)
  object space 42496K, 32% used [0x00000000c2a00000,0x00000000c376e328,0x00000000c5380000)
 Metaspace       used 20681K, capacity 21224K, committed 21296K, reserved 1069056K
  class space    used 2416K, capacity 2566K, committed 2608K, reserved 1048576K
GC Heap History (10 events):
Event: 2.336 GC heap after
Heap after GC invocations=4 (full 0):
 PSYoungGen      total 34304K, used 2540K [0x00000000eb900000, 0x00000000edd00000, 0x0000000100000000)
  eden space 31744K, 0% used [0x00000000eb900000,0x00000000eb900000,0x00000000ed800000)
  from space 2560K, 99% used [0x00000000eda80000,0x00000000edcfb238,0x00000000edd00000)
  to   space 2560K, 0% used [0x00000000ed800000,0x00000000ed800000,0x00000000eda80000)
 ParOldGen       total 42496K, used 5274K [0x00000000c2a00000, 0x00000000c5380000, 0x00000000eb900000)
  object space 42496K, 12% used [0x00000000c2a00000,0x00000000c2f26b20,0x00000000c5380000)
 Metaspace       used 11875K, capacity 12072K, committed 12416K, reserved 1060864K
  class space    used 1495K, capacity 1572K, committed 1664K, reserved 1048576K
}
Event: 3.494 GC heap before
{Heap before GC invocations=5 (full 0):
 PSYoungGen      total 34304K, used 34284K [0x00000000eb900000, 0x00000000edd00000, 0x0000000100000000)
  eden space 31744K, 100% used [0x00000000eb900000,0x00000000ed800000,0x00000000ed800000)
  from space 2560K, 99% used [0x00000000eda80000,0x00000000edcfb238,0x00000000edd00000)
  to   space 2560K, 0% used [0x00000000ed800000,0x00000000ed800000,0x00000000eda80000)
 ParOldGen       total 42496K, used 5274K [0x00000000c2a00000, 0x00000000c5380000, 0x00000000eb900000)
  object space 42496K, 12% used [0x00000000c2a00000,0x00000000c2f26b20,0x00000000c5380000)
 Metaspace       used 14287K, capacity 14478K, committed 14720K, reserved 1062912K
  class space    used 1771K, capacity 1872K, committed 1920K, reserved 1048576K
Event: 3.513 GC heap after
Heap after GC invocations=5 (full 0):
 PSYoungGen      total 34304K, used 2528K [0x00000000eb900000, 0x00000000f0300000, 0x0000000100000000)
  eden space 31744K, 0% used [0x00000000eb900000,0x00000000eb900000,0x00000000ed800000)
  from space 2560K, 98% used [0x00000000ed800000,0x00000000eda78020,0x00000000eda80000)
  to   space 6144K, 0% used [0x00000000efd00000,0x00000000efd00000,0x00000000f0300000)
 ParOldGen       total 42496K, used 7144K [0x00000000c2a00000, 0x00000000c5380000, 0x00000000eb900000)
  object space 42496K, 16% used [0x00000000c2a00000,0x00000000c30fa300,0x00000000c5380000)
 Metaspace       used 14287K, capacity 14478K, committed 14720K, reserved 1062912K
  class space    used 1771K, capacity 1872K, committed 1920K, reserved 1048576K
}
Event: 4.609 GC heap before
{Heap before GC invocations=6 (full 0):
 PSYoungGen      total 34304K, used 34272K [0x00000000eb900000, 0x00000000f0300000, 0x0000000100000000)
  eden space 31744K, 100% used [0x00000000eb900000,0x00000000ed800000,0x00000000ed800000)
  from space 2560K, 98% used [0x00000000ed800000,0x00000000eda78020,0x00000000eda80000)
  to   space 6144K, 0% used [0x00000000efd00000,0x00000000efd00000,0x00000000f0300000)
 ParOldGen       total 42496K, used 7144K [0x00000000c2a00000, 0x00000000c5380000, 0x00000000eb900000)
  object space 42496K, 16% used [0x00000000c2a00000,0x00000000c30fa300,0x00000000c5380000)
 Metaspace       used 16348K, capacity 16644K, committed 17024K, reserved 1064960K
  class space    used 1971K, capacity 2077K, committed 2176K, reserved 1048576K
Event: 4.630 GC heap after
Heap after GC invocations=6 (full 0):
 PSYoungGen      total 69120K, used 6117K [0x00000000eb900000, 0x00000000f0400000, 0x0000000100000000)
  eden space 62976K, 0% used [0x00000000eb900000,0x00000000eb900000,0x00000000ef680000)
  from space 6144K, 99% used [0x00000000efd00000,0x00000000f02f95c0,0x00000000f0300000)
  to   space 6656K, 0% used [0x00000000ef680000,0x00000000ef680000,0x00000000efd00000)
 ParOldGen       total 42496K, used 7206K [0x00000000c2a00000, 0x00000000c5380000, 0x00000000eb900000)
  object space 42496K, 16% used [0x00000000c2a00000,0x00000000c3109af0,0x00000000c5380000)
 Metaspace       used 16348K, capacity 16644K, committed 17024K, reserved 1064960K
  class space    used 1971K, capacity 2077K, committed 2176K, reserved 1048576K
}
Event: 6.095 GC heap before
{Heap before GC invocations=7 (full 0):
 PSYoungGen      total 69120K, used 69093K [0x00000000eb900000, 0x00000000f0400000, 0x0000000100000000)
  eden space 62976K, 100% used [0x00000000eb900000,0x00000000ef680000,0x00000000ef680000)
  from space 6144K, 99% used [0x00000000efd00000,0x00000000f02f95c0,0x00000000f0300000)
  to   space 6656K, 0% used [0x00000000ef680000,0x00000000ef680000,0x00000000efd00000)
 ParOldGen       total 42496K, used 7206K [0x00000000c2a00000, 0x00000000c5380000, 0x00000000eb900000)
  object space 42496K, 16% used [0x00000000c2a00000,0x00000000c3109af0,0x00000000c5380000)
 Metaspace       used 16860K, capacity 17204K, committed 17536K, reserved 1064960K
  class space    used 1988K, capacity 2085K, committed 2176K, reserved 1048576K
Event: 6.140 GC heap after
Heap after GC invocations=7 (full 0):
 PSYoungGen      total 69632K, used 6640K [0x00000000eb900000, 0x00000000f4500000, 0x0000000100000000)
  eden space 62976K, 0% used [0x00000000eb900000,0x00000000eb900000,0x00000000ef680000)
  from space 6656K, 99% used [0x00000000ef680000,0x00000000efcfc010,0x00000000efd00000)
  to   space 8704K, 0% used [0x00000000f3c80000,0x00000000f3c80000,0x00000000f4500000)
 ParOldGen       total 42496K, used 8742K [0x00000000c2a00000, 0x00000000c5380000, 0x00000000eb900000)
  object space 42496K, 20% used [0x00000000c2a00000,0x00000000c32898d0,0x00000000c5380000)
 Metaspace       used 16860K, capacity 17204K, committed 17536K, reserved 1064960K
  class space    used 1988K, capacity 2085K, committed 2176K, reserved 1048576K
}
Event: 7.198 GC heap before
{Heap before GC invocations=8 (full 0):
 PSYoungGen      total 69632K, used 69616K [0x00000000eb900000, 0x00000000f4500000, 0x0000000100000000)
  eden space 62976K, 100% used [0x00000000eb900000,0x00000000ef680000,0x00000000ef680000)
  from space 6656K, 99% used [0x00000000ef680000,0x00000000efcfc010,0x00000000efd00000)
  to   space 8704K, 0% used [0x00000000f3c80000,0x00000000f3c80000,0x00000000f4500000)
 ParOldGen       total 42496K, used 8742K [0x00000000c2a00000, 0x00000000c5380000, 0x00000000eb900000)
  object space 42496K, 20% used [0x00000000c2a00000,0x00000000c32898d0,0x00000000c5380000)
 Metaspace       used 17151K, capacity 17472K, committed 17792K, reserved 1064960K
  class space    used 1989K, capacity 2087K, committed 2176K, reserved 1048576K
Event: 7.228 GC heap after
Heap after GC invocations=8 (full 0):
 PSYoungGen      total 133120K, used 8704K [0x00000000eb900000, 0x00000000f4800000, 0x0000000100000000)
  eden space 124416K, 0% used [0x00000000eb900000,0x00000000eb900000,0x00000000f3280000)
  from space 8704K, 100% used [0x00000000f3c80000,0x00000000f4500000,0x00000000f4500000)
  to   space 10240K, 0% used [0x00000000f3280000,0x00000000f3280000,0x00000000f3c80000)
 ParOldGen       total 42496K, used 10196K [0x00000000c2a00000, 0x00000000c5380000, 0x00000000eb900000)
  object space 42496K, 23% used [0x00000000c2a00000,0x00000000c33f5120,0x00000000c5380000)
 Metaspace       used 17151K, capacity 17472K, committed 17792K, reserved 1064960K
  class space    used 1989K, capacity 2087K, committed 2176K, reserved 1048576K
}
Event: 9.089 GC heap before
{Heap before GC invocations=9 (full 0):
 PSYoungGen      total 133120K, used 91921K [0x00000000eb900000, 0x00000000f4800000, 0x0000000100000000)
  eden space 124416K, 66% used [0x00000000eb900000,0x00000000f0a44590,0x00000000f3280000)
  from space 8704K, 100% used [0x00000000f3c80000,0x00000000f4500000,0x00000000f4500000)
  to   space 10240K, 0% used [0x00000000f3280000,0x00000000f3280000,0x00000000f3c80000)
 ParOldGen       total 42496K, used 10196K [0x00000000c2a00000, 0x00000000c5380000, 0x00000000eb900000)
  object space 42496K, 23% used [0x00000000c2a00000,0x00000000c33f5120,0x00000000c5380000)
 Metaspace       used 20681K, capacity 21224K, committed 21296K, reserved 1069056K
  class space    used 2416K, capacity 2566K, committed 2608K, reserved 1048576K

