# JRE version: Java(TM) SE Runtime Environment (8.0_201-b09) (build 1.8.0_201-b09)
# Java VM: Java HotSpot(TM) 64-Bit Server VM (25.201-b09 mixed mode linux-amd64 compressed oops)
Heap:
 PSYoungGen      total 133632K, used 10235K [0x00000000eb900000, 0x00000000f4700000, 0x0000000100000000)
  eden space 123392K, 0% used [0x00000000eb900000,0x00000000eb900000,0x00000000f3180000)
  from space 10240K, 99% used [0x00000000f3180000,0x00000000f3b7ed18,0x00000000f3b80000)
  to   space 8704K, 0% used [0x00000000f3b80000,0x00000000f3b80000,0x00000000f4400000)
 ParOldGen       total 42496K, used 13674K [0x00000000c2a00000, 0x00000000c5380000, 0x00000000eb900000)
  object space 42496K, 32% used [0x00000000c2a00000,0x00000000c375aaa0,0x00000000c5380000)
 Metaspace       used 20644K, capacity 21224K, committed 21296K, reserved 1069056K
  class space    used 2416K, capacity 2566K, committed 2608K, reserved 1048576K
GC Heap History (10 events):
Event: 1.997 GC heap after
Heap after GC invocations=4 (full 0):
 PSYoungGen      total 34304K, used 2556K [0x00000000eb900000, 0x00000000edd00000, 0x0000000100000000)
  eden space 31744K, 0% used [0x00000000eb900000,0x00000000eb900000,0x00000000ed800000)
  from space 2560K, 99% used [0x00000000eda80000,0x00000000edcff208,0x00000000edd00000)
  to   space 2560K, 0% used [0x00000000ed800000,0x00000000ed800000,0x00000000eda80000)
 ParOldGen       total 42496K, used 5216K [0x00000000c2a00000, 0x00000000c5380000, 0x00000000eb900000)
  object space 42496K, 12% used [0x00000000c2a00000,0x00000000c2f18160,0x00000000c5380000)
 Metaspace       used 11871K, capacity 12072K, committed 12416K, reserved 1060864K
  class space    used 1495K, capacity 1572K, committed 1664K, reserved 1048576K
}
Event: 3.161 GC heap before
{Heap before GC invocations=5 (full 0):
 PSYoungGen      total 34304K, used 34300K [0x00000000eb900000, 0x00000000edd00000, 0x0000000100000000)
  eden space 31744K, 100% used [0x00000000eb900000,0x00000000ed800000,0x00000000ed800000)
  from space 2560K, 99% used [0x00000000eda80000,0x00000000edcff208,0x00000000edd00000)
  to   space 2560K, 0% used [0x00000000ed800000,0x00000000ed800000,0x00000000eda80000)
 ParOldGen       total 42496K, used 5216K [0x00000000c2a00000, 0x00000000c5380000, 0x00000000eb900000)
  object space 42496K, 12% used [0x00000000c2a00000,0x00000000c2f18160,0x00000000c5380000)
 Metaspace       used 14261K, capacity 14478K, committed 14720K, reserved 1062912K
  class space    used 1771K, capacity 1872K, committed 1920K, reserved 1048576K
Event: 3.191 GC heap after
Heap after GC invocations=5 (full 0):
 PSYoungGen      total 34304K, used 2544K [0x00000000eb900000, 0x00000000f0200000, 0x0000000100000000)
  eden space 31744K, 0% used [0x00000000eb900000,0x00000000eb900000,0x00000000ed800000)
  from space 2560K, 99% used [0x00000000ed800000,0x00000000eda7c010,0x00000000eda80000)
  to   space 5632K, 0% used [0x00000000efc80000,0x00000000efc80000,0x00000000f0200000)
 ParOldGen       total 42496K, used 7064K [0x00000000c2a00000, 0x00000000c5380000, 0x00000000eb900000)
  object space 42496K, 16% used [0x00000000c2a00000,0x00000000c30e62f0,0x00000000c5380000)
 Metaspace       used 14261K, capacity 14478K, committed 14720K, reserved 1062912K
  class space    used 1771K, capacity 1872K, committed 1920K, reserved 1048576K
}
Event: 4.260 GC heap before
{Heap before GC invocations=6 (full 0):
 PSYoungGen      total 34304K, used 34288K [0x00000000eb900000, 0x00000000f0200000, 0x0000000100000000)
  eden space 31744K, 100% used [0x00000000eb900000,0x00000000ed800000,0x00000000ed800000)
  from space 2560K, 99% used [0x00000000ed800000,0x00000000eda7c010,0x00000000eda80000)
  to   space 5632K, 0% used [0x00000000efc80000,0x00000000efc80000,0x00000000f0200000)
 ParOldGen       total 42496K, used 7064K [0x00000000c2a00000, 0x00000000c5380000, 0x00000000eb900000)
  object space 42496K, 16% used [0x00000000c2a00000,0x00000000c30e62f0,0x00000000c5380000)
 Metaspace       used 16346K, capacity 16644K, committed 17024K, reserved 1064960K
  class space    used 1971K, capacity 2077K, committed 2176K, reserved 1048576K
Event: 4.289 GC heap after
Heap after GC invocations=6 (full 0):
 PSYoungGen      total 68096K, used 5619K [0x00000000eb900000, 0x00000000f0400000, 0x0000000100000000)
  eden space 62464K, 0% used [0x00000000eb900000,0x00000000eb900000,0x00000000ef600000)
  from space 5632K, 99% used [0x00000000efc80000,0x00000000f01fcd38,0x00000000f0200000)
  to   space 6656K, 0% used [0x00000000ef600000,0x00000000ef600000,0x00000000efc80000)
 ParOldGen       total 42496K, used 7620K [0x00000000c2a00000, 0x00000000c5380000, 0x00000000eb900000)
  object space 42496K, 17% used [0x00000000c2a00000,0x00000000c3171060,0x00000000c5380000)
 Metaspace       used 16346K, capacity 16644K, committed 17024K, reserved 1064960K
  class space    used 1971K, capacity 2077K, committed 2176K, reserved 1048576K
}
Event: 5.746 GC heap before
{Heap before GC invocations=7 (full 0):
 PSYoungGen      total 68096K, used 68083K [0x00000000eb900000, 0x00000000f0400000, 0x0000000100000000)
  eden space 62464K, 100% used [0x00000000eb900000,0x00000000ef600000,0x00000000ef600000)
  from space 5632K, 99% used [0x00000000efc80000,0x00000000f01fcd38,0x00000000f0200000)
  to   space 6656K, 0% used [0x00000000ef600000,0x00000000ef600000,0x00000000efc80000)
 ParOldGen       total 42496K, used 7620K [0x00000000c2a00000, 0x00000000c5380000, 0x00000000eb900000)
  object space 42496K, 17% used [0x00000000c2a00000,0x00000000c3171060,0x00000000c5380000)
 Metaspace       used 16891K, capacity 17268K, committed 17536K, reserved 1064960K
  class space    used 1988K, capacity 2085K, committed 2176K, reserved 1048576K
Event: 5.782 GC heap after
Heap after GC invocations=7 (full 0):
 PSYoungGen      total 69120K, used 6656K [0x00000000eb900000, 0x00000000f4400000, 0x0000000100000000)
  eden space 62464K, 0% used [0x00000000eb900000,0x00000000eb900000,0x00000000ef600000)
  from space 6656K, 100% used [0x00000000ef600000,0x00000000efc80000,0x00000000efc80000)
  to   space 8704K, 0% used [0x00000000f3b80000,0x00000000f3b80000,0x00000000f4400000)
 ParOldGen       total 42496K, used 9219K [0x00000000c2a00000, 0x00000000c5380000, 0x00000000eb900000)
  object space 42496K, 21% used [0x00000000c2a00000,0x00000000c3300d58,0x00000000c5380000)
 Metaspace       used 16891K, capacity 17268K, committed 17536K, reserved 1064960K
  class space    used 1988K, capacity 2085K, committed 2176K, reserved 1048576K
}
Event: 6.724 GC heap before
{Heap before GC invocations=8 (full 0):
 PSYoungGen      total 69120K, used 69120K [0x00000000eb900000, 0x00000000f4400000, 0x0000000100000000)
  eden space 62464K, 100% used [0x00000000eb900000,0x00000000ef600000,0x00000000ef600000)
  from space 6656K, 100% used [0x00000000ef600000,0x00000000efc80000,0x00000000efc80000)
  to   space 8704K, 0% used [0x00000000f3b80000,0x00000000f3b80000,0x00000000f4400000)
 ParOldGen       total 42496K, used 9219K [0x00000000c2a00000, 0x00000000c5380000, 0x00000000eb900000)
  object space 42496K, 21% used [0x00000000c2a00000,0x00000000c3300d58,0x00000000c5380000)
 Metaspace       used 17138K, capacity 17472K, committed 17792K, reserved 1064960K
  class space    used 1989K, capacity 2087K, committed 2176K, reserved 1048576K
Event: 6.759 GC heap after
Heap after GC invocations=8 (full 0):
 PSYoungGen      total 132096K, used 8704K [0x00000000eb900000, 0x00000000f4700000, 0x0000000100000000)
  eden space 123392K, 0% used [0x00000000eb900000,0x00000000eb900000,0x00000000f3180000)
  from space 8704K, 100% used [0x00000000f3b80000,0x00000000f4400000,0x00000000f4400000)
  to   space 10240K, 0% used [0x00000000f3180000,0x00000000f3180000,0x00000000f3b80000)
 ParOldGen       total 42496K, used 10835K [0x00000000c2a00000, 0x00000000c5380000, 0x00000000eb900000)
  object space 42496K, 25% used [0x00000000c2a00000,0x00000000c3494d68,0x00000000c5380000)
 Metaspace       used 17138K, capacity 17472K, committed 17792K, reserved 1064960K
  class space    used 1989K, capacity 2087K, committed 2176K, reserved 1048576K
}
Event: 8.732 GC heap before
{Heap before GC invocations=9 (full 0):
 PSYoungGen      total 132096K, used 93906K [0x00000000eb900000, 0x00000000f4700000, 0x0000000100000000)
  eden space 123392K, 69% used [0x00000000eb900000,0x00000000f0c34ac8,0x00000000f3180000)
  from space 8704K, 100% used [0x00000000f3b80000,0x00000000f4400000,0x00000000f4400000)
  to   space 10240K, 0% used [0x00000000f3180000,0x00000000f3180000,0x00000000f3b80000)
 ParOldGen       total 42496K, used 10835K [0x00000000c2a00000, 0x00000000c5380000, 0x00000000eb900000)
  object space 42496K, 25% used [0x00000000c2a00000,0x00000000c3494d68,0x00000000c5380000)
 Metaspace       used 20644K, capacity 21224K, committed 21296K, reserved 1069056K
  class space    used 2416K, capacity 2566K, committed 2608K, reserved 1048576K

