# JRE version: Java(TM) SE Runtime Environment (8.0_201-b09) (build 1.8.0_201-b09)
# Java VM: Java HotSpot(TM) 64-Bit Server VM (25.201-b09 mixed mode linux-amd64 compressed oops)
Heap:
 PSYoungGen      total 135680K, used 8681K [0x00000000eb900000, 0x00000000f4600000, 0x0000000100000000)
  eden space 126976K, 0% used [0x00000000eb900000,0x00000000eb900000,0x00000000f3500000)
  from space 8704K, 99% used [0x00000000f3500000,0x00000000f3d7a770,0x00000000f3d80000)
  to   space 8704K, 0% used [0x00000000f3d80000,0x00000000f3d80000,0x00000000f4600000)
 ParOldGen       total 42496K, used 16635K [0x00000000c2a00000, 0x00000000c5380000, 0x00000000eb900000)
  object space 42496K, 39% used [0x00000000c2a00000,0x00000000c3a3ef20,0x00000000c5380000)
 Metaspace       used 20656K, capacity 21224K, committed 21296K, reserved 1069056K
  class space    used 2417K, capacity 2566K, committed 2608K, reserved 1048576K
GC Heap History (10 events):
Event: 1.186 GC heap after
Heap after GC invocations=2 (full 0):
 PSYoungGen      total 34304K, used 2552K [0x00000000eb900000, 0x00000000edd00000, 0x0000000100000000)
  eden space 31744K, 0% used [0x00000000eb900000,0x00000000eb900000,0x00000000ed800000)
  from space 2560K, 99% used [0x00000000eda80000,0x00000000edcfe080,0x00000000edd00000)
  to   space 2560K, 0% used [0x00000000ed800000,0x00000000ed800000,0x00000000eda80000)
 ParOldGen       total 42496K, used 1355K [0x00000000c2a00000, 0x00000000c5380000, 0x00000000eb900000)
  object space 42496K, 3% used [0x00000000c2a00000,0x00000000c2b52f98,0x00000000c5380000)
 Metaspace       used 8165K, capacity 8284K, committed 8576K, reserved 1056768K
  class space    used 1012K, capacity 1080K, committed 1152K, reserved 1048576K
}
Event: 1.954 GC heap before
{Heap before GC invocations=3 (full 0):
 PSYoungGen      total 34304K, used 34296K [0x00000000eb900000, 0x00000000edd00000, 0x0000000100000000)
  eden space 31744K, 100% used [0x00000000eb900000,0x00000000ed800000,0x00000000ed800000)
  from space 2560K, 99% used [0x00000000eda80000,0x00000000edcfe080,0x00000000edd00000)
  to   space 2560K, 0% used [0x00000000ed800000,0x00000000ed800000,0x00000000eda80000)
 ParOldGen       total 42496K, used 1355K [0x00000000c2a00000, 0x00000000c5380000, 0x00000000eb900000)
  object space 42496K, 3% used [0x00000000c2a00000,0x00000000c2b52f98,0x00000000c5380000)
 Metaspace       used 12070K, capacity 12232K, committed 12416K, reserved 1060864K
  class space    used 1515K, capacity 1604K, committed 1664K, reserved 1048576K
Event: 1.965 GC heap after
Heap after GC invocations=3 (full 0):
 PSYoungGen      total 34304K, used 2544K [0x00000000eb900000, 0x00000000efc00000, 0x0000000100000000)
  eden space 31744K, 0% used [0x00000000eb900000,0x00000000eb900000,0x00000000ed800000)
  from space 2560K, 99% used [0x00000000ed800000,0x00000000eda7c010,0x00000000eda80000)
  to   space 2560K, 0% used [0x00000000ef980000,0x00000000ef980000,0x00000000efc00000)
 ParOldGen       total 42496K, used 5614K [0x00000000c2a00000, 0x00000000c5380000, 0x00000000eb900000)
  object space 42496K, 13% used [0x00000000c2a00000,0x00000000c2f7bb08,0x00000000c5380000)
 Metaspace       used 12070K, capacity 12232K, committed 12416K, reserved 1060864K
  class space    used 1515K, capacity 1604K, committed 1664K, reserved 1048576K
}
Event: 3.294 GC heap before
{Heap before GC invocations=4 (full 0):
 PSYoungGen      total 34304K, used 34288K [0x00000000eb900000, 0x00000000efc00000, 0x0000000100000000)
  eden space 31744K, 100% used [0x00000000eb900000,0x00000000ed800000,0x00000000ed800000)
  from space 2560K, 99% used [0x00000000ed800000,0x00000000eda7c010,0x00000000eda80000)
  to   space 2560K, 0% used [0x00000000ef980000,0x00000000ef980000,0x00000000efc00000)
 ParOldGen       total 42496K, used 5614K [0x00000000c2a00000, 0x00000000c5380000, 0x00000000eb900000)
  object space 42496K, 13% used [0x00000000c2a00000,0x00000000c2f7bb08,0x00000000c5380000)
 Metaspace       used 14482K, capacity 14670K, committed 14976K, reserved 1062912K
  class space    used 1787K, capacity 1872K, committed 1920K, reserved 1048576K
Event: 3.314 GC heap after
Heap after GC invocations=4 (full 0):
 PSYoungGen      total 66048K, used 2544K [0x00000000eb900000, 0x00000000efc00000, 0x0000000100000000)
  eden space 63488K, 0% used [0x00000000eb900000,0x00000000eb900000,0x00000000ef700000)
  from space 2560K, 99% used [0x00000000ef980000,0x00000000efbfc010,0x00000000efc00000)
  to   space 2560K, 0% used [0x00000000ef700000,0x00000000ef700000,0x00000000ef980000)
 ParOldGen       total 42496K, used 7484K [0x00000000c2a00000, 0x00000000c5380000, 0x00000000eb900000)
  object space 42496K, 17% used [0x00000000c2a00000,0x00000000c314f2a0,0x00000000c5380000)
 Metaspace       used 14482K, capacity 14670K, committed 14976K, reserved 1062912K
  class space    used 1787K, capacity 1872K, committed 1920K, reserved 1048576K
}
Event: 4.933 GC heap before
{Heap before GC invocations=5 (full 0):
 PSYoungGen      total 66048K, used 66032K [0x00000000eb900000, 0x00000000efc00000, 0x0000000100000000)
  eden space 63488K, 100% used [0x00000000eb900000,0x00000000ef700000,0x00000000ef700000)
  from space 2560K, 99% used [0x00000000ef980000,0x00000000efbfc010,0x00000000efc00000)
  to   space 2560K, 0% used [0x00000000ef700000,0x00000000ef700000,0x00000000ef980000)
 ParOldGen       total 42496K, used 7484K [0x00000000c2a00000, 0x00000000c5380000, 0x00000000eb900000)
  object space 42496K, 17% used [0x00000000c2a00000,0x00000000c314f2a0,0x00000000c5380000)
 Metaspace       used 16741K, capacity 17052K, committed 17280K, reserved 1064960K
  class space    used 1985K, capacity 2081K, committed 2176K, reserved 1048576K
Event: 4.973 GC heap after
Heap after GC invocations=5 (full 0):
 PSYoungGen      total 66048K, used 2528K [0x00000000eb900000, 0x00000000f4600000, 0x0000000100000000)
  eden space 63488K, 0% used [0x00000000eb900000,0x00000000eb900000,0x00000000ef700000)
  from space 2560K, 98% used [0x00000000ef700000,0x00000000ef978020,0x00000000ef980000)
  to   space 8704K, 0% used [0x00000000f3d80000,0x00000000f3d80000,0x00000000f4600000)
 ParOldGen       total 42496K, used 12710K [0x00000000c2a00000, 0x00000000c5380000, 0x00000000eb900000)
  object space 42496K, 29% used [0x00000000c2a00000,0x00000000c3669920,0x00000000c5380000)
 Metaspace       used 16741K, capacity 17052K, committed 17280K, reserved 1064960K
  class space    used 1985K, capacity 2081K, committed 2176K, reserved 1048576K
}
Event: 6.096 GC heap before
{Heap before GC invocations=6 (full 0):
 PSYoungGen      total 66048K, used 66016K [0x00000000eb900000, 0x00000000f4600000, 0x0000000100000000)
  eden space 63488K, 100% used [0x00000000eb900000,0x00000000ef700000,0x00000000ef700000)
  from space 2560K, 98% used [0x00000000ef700000,0x00000000ef978020,0x00000000ef980000)
  to   space 8704K, 0% used [0x00000000f3d80000,0x00000000f3d80000,0x00000000f4600000)
 ParOldGen       total 42496K, used 12710K [0x00000000c2a00000, 0x00000000c5380000, 0x00000000eb900000)
  object space 42496K, 29% used [0x00000000c2a00000,0x00000000c3669920,0x00000000c5380000)
 Metaspace       used 17095K, capacity 17402K, committed 17792K, reserved 1064960K
  class space    used 1988K, capacity 2086K, committed 2176K, reserved 1048576K
Event: 6.132 GC heap after
Heap after GC invocations=6 (full 0):
 PSYoungGen      total 135680K, used 6432K [0x00000000eb900000, 0x00000000f4600000, 0x0000000100000000)
  eden space 126976K, 0% used [0x00000000eb900000,0x00000000eb900000,0x00000000f3500000)
  from space 8704K, 73% used [0x00000000f3d80000,0x00000000f43c8020,0x00000000f4600000)
  to   space 8704K, 0% used [0x00000000f3500000,0x00000000f3500000,0x00000000f3d80000)
 ParOldGen       total 42496K, used 12718K [0x00000000c2a00000, 0x00000000c5380000, 0x00000000eb900000)
  object space 42496K, 29% used [0x00000000c2a00000,0x00000000c366b920,0x00000000c5380000)
 Metaspace       used 17095K, capacity 17402K, committed 17792K, reserved 1064960K
  class space    used 1988K, capacity 2086K, committed 2176K, reserved 1048576K
}
Event: 8.844 GC heap before
{Heap before GC invocations=7 (full 0):
 PSYoungGen      total 135680K, used 119991K [0x00000000eb900000, 0x00000000f4600000, 0x0000000100000000)
  eden space 126976K, 89% used [0x00000000eb900000,0x00000000f27e5ca0,0x00000000f3500000)
  from space 8704K, 73% used [0x00000000f3d80000,0x00000000f43c8020,0x00000000f4600000)
  to   space 8704K, 0% used [0x00000000f3500000,0x00000000f3500000,0x00000000f3d80000)
 ParOldGen       total 42496K, used 12718K [0x00000000c2a00000, 0x00000000c5380000, 0x00000000eb900000)
  object space 42496K, 29% used [0x00000000c2a00000,0x00000000c366b920,0x00000000c5380000)
 Metaspace       used 20656K, capacity 21224K, committed 21296K, reserved 1069056K
  class space    used 2417K, capacity 2566K, committed 2608K, reserved 1048576K

