# JRE version: Java(TM) SE Runtime Environment (8.0_201-b09) (build 1.8.0_201-b09)
# Java VM: Java HotSpot(TM) 64-Bit Server VM (25.201-b09 mixed mode linux-amd64 compressed oops)
Heap:
 PSYoungGen      total 135680K, used 8694K [0x00000000eb900000, 0x00000000f4600000, 0x0000000100000000)
  eden space 126976K, 0% used [0x00000000eb900000,0x00000000eb900000,0x00000000f3500000)
  from space 8704K, 99% used [0x00000000f3500000,0x00000000f3d7db60,0x00000000f3d80000)
  to   space 8704K, 0% used [0x00000000f3d80000,0x00000000f3d80000,0x00000000f4600000)
 ParOldGen       total 42496K, used 22700K [0x00000000c2a00000, 0x00000000c5380000, 0x00000000eb900000)
  object space 42496K, 53% used [0x00000000c2a00000,0x00000000c402b1c8,0x00000000c5380000)
 Metaspace       used 20778K, capacity 21178K, committed 21296K, reserved 1069056K
  class space    used 2499K, capacity 2645K, committed 2688K, reserved 1048576K
GC Heap History (10 events):
Event: 1.552 GC heap after
Heap after GC invocations=2 (full 0):
 PSYoungGen      total 34304K, used 2551K [0x00000000eb900000, 0x00000000edd00000, 0x0000000100000000)
  eden space 31744K, 0% used [0x00000000eb900000,0x00000000eb900000,0x00000000ed800000)
  from space 2560K, 99% used [0x00000000eda80000,0x00000000edcfdf98,0x00000000edd00000)
  to   space 2560K, 0% used [0x00000000ed800000,0x00000000ed800000,0x00000000eda80000)
 ParOldGen       total 42496K, used 1182K [0x00000000c2a00000, 0x00000000c5380000, 0x00000000eb900000)
  object space 42496K, 2% used [0x00000000c2a00000,0x00000000c2b27a38,0x00000000c5380000)
 Metaspace       used 7958K, capacity 8092K, committed 8192K, reserved 1056768K
  class space    used 975K, capacity 1016K, committed 1024K, reserved 1048576K
}
Event: 2.612 GC heap before
{Heap before GC invocations=3 (full 0):
 PSYoungGen      total 34304K, used 34295K [0x00000000eb900000, 0x00000000edd00000, 0x0000000100000000)
  eden space 31744K, 100% used [0x00000000eb900000,0x00000000ed800000,0x00000000ed800000)
  from space 2560K, 99% used [0x00000000eda80000,0x00000000edcfdf98,0x00000000edd00000)
  to   space 2560K, 0% used [0x00000000ed800000,0x00000000ed800000,0x00000000eda80000)
 ParOldGen       total 42496K, used 1182K [0x00000000c2a00000, 0x00000000c5380000, 0x00000000eb900000)
  object space 42496K, 2% used [0x00000000c2a00000,0x00000000c2b27a38,0x00000000c5380000)
 Metaspace       used 11665K, capacity 11790K, committed 12160K, reserved 1060864K
  class space    used 1449K, capacity 1541K, committed 1664K, reserved 1048576K
Event: 2.621 GC heap after
Heap after GC invocations=3 (full 0):
 PSYoungGen      total 34304K, used 2547K [0x00000000eb900000, 0x00000000efc00000, 0x0000000100000000)
  eden space 31744K, 0% used [0x00000000eb900000,0x00000000eb900000,0x00000000ed800000)
  from space 2560K, 99% used [0x00000000ed800000,0x00000000eda7ce30,0x00000000eda80000)
  to   space 2560K, 0% used [0x00000000ef980000,0x00000000ef980000,0x00000000efc00000)
 ParOldGen       total 42496K, used 5482K [0x00000000c2a00000, 0x00000000c5380000, 0x00000000eb900000)
  object space 42496K, 12% used [0x00000000c2a00000,0x00000000c2f5a9b0,0x00000000c5380000)
 Metaspace       used 11665K, capacity 11790K, committed 12160K, reserved 1060864K
  class space    used 1449K, capacity 1541K, committed 1664K, reserved 1048576K
}
Event: 4.154 GC heap before
{Heap before GC invocations=4 (full 0):
 PSYoungGen      total 34304K, used 34291K [0x00000000eb900000, 0x00000000efc00000, 0x0000000100000000)
  eden space 31744K, 100% used [0x00000000eb900000,0x00000000ed800000,0x00000000ed800000)
  from space 2560K, 99% used [0x00000000ed800000,0x00000000eda7ce30,0x00000000eda80000)
  to   space 2560K, 0% used [0x00000000ef980000,0x00000000ef980000,0x00000000efc00000)
 ParOldGen       total 42496K, used 5482K [0x00000000c2a00000, 0x00000000c5380000, 0x00000000eb900000)
  object space 42496K, 12% used [0x00000000c2a00000,0x00000000c2f5a9b0,0x00000000c5380000)
 Metaspace       used 14876K, capacity 15106K, committed 15232K, reserved 1062912K
  class space    used 1826K, capacity 1907K, committed 1920K, reserved 1048576K
Event: 4.167 GC heap after
Heap after GC invocations=4 (full 0):
 PSYoungGen      total 66048K, used 2544K [0x00000000eb900000, 0x00000000efc00000, 0x0000000100000000)
  eden space 63488K, 0% used [0x00000000eb900000,0x00000000eb900000,0x00000000ef700000)
  from space 2560K, 99% used [0x00000000ef980000,0x00000000efbfc050,0x00000000efc00000)
  to   space 2560K, 0% used [0x00000000ef700000,0x00000000ef700000,0x00000000ef980000)
 ParOldGen       total 42496K, used 10019K [0x00000000c2a00000, 0x00000000c5380000, 0x00000000eb900000)
  object space 42496K, 23% used [0x00000000c2a00000,0x00000000c33c8e50,0x00000000c5380000)
 Metaspace       used 14876K, capacity 15106K, committed 15232K, reserved 1062912K
  class space    used 1826K, capacity 1907K, committed 1920K, reserved 1048576K
}
Event: 5.327 GC heap before
{Heap before GC invocations=5 (full 0):
 PSYoungGen      total 66048K, used 66032K [0x00000000eb900000, 0x00000000efc00000, 0x0000000100000000)
  eden space 63488K, 100% used [0x00000000eb900000,0x00000000ef700000,0x00000000ef700000)
  from space 2560K, 99% used [0x00000000ef980000,0x00000000efbfc050,0x00000000efc00000)
  to   space 2560K, 0% used [0x00000000ef700000,0x00000000ef700000,0x00000000ef980000)
 ParOldGen       total 42496K, used 10019K [0x00000000c2a00000, 0x00000000c5380000, 0x00000000eb900000)
  object space 42496K, 23% used [0x00000000c2a00000,0x00000000c33c8e50,0x00000000c5380000)
 Metaspace       used 15332K, capacity 15582K, committed 15872K, reserved 1062912K
  class space    used 1836K, capacity 1949K, committed 2048K, reserved 1048576K
Event: 5.340 GC heap after
Heap after GC invocations=5 (full 0):
 PSYoungGen      total 66048K, used 2544K [0x00000000eb900000, 0x00000000f4600000, 0x0000000100000000)
  eden space 63488K, 0% used [0x00000000eb900000,0x00000000eb900000,0x00000000ef700000)
  from space 2560K, 99% used [0x00000000ef700000,0x00000000ef97c030,0x00000000ef980000)
  to   space 8704K, 0% used [0x00000000f3d80000,0x00000000f3d80000,0x00000000f4600000)
 ParOldGen       total 42496K, used 13291K [0x00000000c2a00000, 0x00000000c5380000, 0x00000000eb900000)
  object space 42496K, 31% used [0x00000000c2a00000,0x00000000c36fae50,0x00000000c5380000)
 Metaspace       used 15332K, capacity 15582K, committed 15872K, reserved 1062912K
  class space    used 1836K, capacity 1949K, committed 2048K, reserved 1048576K
}
Event: 6.737 GC heap before
{Heap before GC invocations=6 (full 0):
 PSYoungGen      total 66048K, used 66032K [0x00000000eb900000, 0x00000000f4600000, 0x0000000100000000)
  eden space 63488K, 100% used [0x00000000eb900000,0x00000000ef700000,0x00000000ef700000)
  from space 2560K, 99% used [0x00000000ef700000,0x00000000ef97c030,0x00000000ef980000)
  to   space 8704K, 0% used [0x00000000f3d80000,0x00000000f3d80000,0x00000000f4600000)
 ParOldGen       total 42496K, used 13291K [0x00000000c2a00000, 0x00000000c5380000, 0x00000000eb900000)
  object space 42496K, 31% used [0x00000000c2a00000,0x00000000c36fae50,0x00000000c5380000)
 Metaspace       used 17747K, capacity 18170K, committed 18432K, reserved 1064960K
  class space    used 2115K, capacity 2261K, committed 2304K, reserved 1048576K
Event: 6.757 GC heap after
Heap after GC invocations=6 (full 0):
 PSYoungGen      total 135680K, used 6509K [0x00000000eb900000, 0x00000000f4600000, 0x0000000100000000)
  eden space 126976K, 0% used [0x00000000eb900000,0x00000000eb900000,0x00000000f3500000)
  from space 8704K, 74% used [0x00000000f3d80000,0x00000000f43db678,0x00000000f4600000)
  to   space 8704K, 0% used [0x00000000f3500000,0x00000000f3500000,0x00000000f3d80000)
 ParOldGen       total 42496K, used 13299K [0x00000000c2a00000, 0x00000000c5380000, 0x00000000eb900000)
  object space 42496K, 31% used [0x00000000c2a00000,0x00000000c36fce50,0x00000000c5380000)
 Metaspace       used 17747K, capacity 18170K, committed 18432K, reserved 1064960K
  class space    used 2115K, capacity 2261K, committed 2304K, reserved 1048576K
}
Event: 7.898 GC heap before
{Heap before GC invocations=7 (full 0):
 PSYoungGen      total 135680K, used 60056K [0x00000000eb900000, 0x00000000f4600000, 0x0000000100000000)
  eden space 126976K, 42% used [0x00000000eb900000,0x00000000eed4aa38,0x00000000f3500000)
  from space 8704K, 74% used [0x00000000f3d80000,0x00000000f43db678,0x00000000f4600000)
  to   space 8704K, 0% used [0x00000000f3500000,0x00000000f3500000,0x00000000f3d80000)
 ParOldGen       total 42496K, used 13299K [0x00000000c2a00000, 0x00000000c5380000, 0x00000000eb900000)
  object space 42496K, 31% used [0x00000000c2a00000,0x00000000c36fce50,0x00000000c5380000)
 Metaspace       used 20778K, capacity 21178K, committed 21296K, reserved 1069056K
  class space    used 2499K, capacity 2645K, committed 2688K, reserved 1048576K

